[sample.com/index.html]
[backblue.gif]
[fade.gif]
[index.html]
[sample.com/images/sample.png]
[www.savaii.com/images/ccinlogo1.gif]
[www.ccin.com/index.html]
[www.savaii.com/images/copylink.gif]
[sample.com/whois.txt]
[sample.com/index.html]
[www.ccin.com/wp-content/themes/theme1224/favicon.ico]
[www.ccin.com/xmlrpc.5.delayed]
[www.ccin.com/wp-content/themes/theme1224/style.css]
[www.ccin.com/feed/atom/index.html]
[www.ccin.com/wp-content/themes/theme1224/css/skins/skin1.css]
[www.ccin.com/wp-content/themes/theme1224/css/skins/skin2.css]
[www.ccin.com/feed/index.html]
[www.ccin.com/wp-content/themes/theme1224/css/skins/skin3.css]
[www.ccin.com/wp-content/themes/theme1224/css/skins/skin4.css]
[www.ccin.com/wp-content/themes/theme1224/css/skins/skin5.css]
[www.ccin.com/wp-content/themes/theme1224/css/skins/skin6.css]
[www.ccin.com/wp-content/plugins/contact-form-7/includes/css/styles5560.css]
[www.ccin.com/comments/feed/index.html]
[www.ccin.com/wp-content/themes/theme1224/js/jquery-1.4.4.minc2d0.js]
[www.ccin.com/wp-content/themes/theme1224/js/superfishb493.js]
[www.ccin.com/wp-content/themes/theme1224/js/jquery.prettyPhoto.1041fe.delayed]
[www.ccin.com/wp-content/themes/theme1224/js/jquery.nivo.slider.pack7793.js]
[www.ccin.com/wp-content/themes/theme1224/js/jquery.easing.1.34e44.js]
[www.ccin.com/wp-content/themes/theme1224/js/styleswitcher55fe.js]
[www.ccin.com/xmlrpc0db0.php]
[www.ccin.com/wp-includes/wlwmanifest.xml]
[www.ccin.com/wp-json/index.html]
[www.ccin.com/wp-content/themes/theme1224/images/logo2011.gif]
[www.ccin.com/wp-content/uploads/2011/07/banner1.jpg]
[www.ccin.com/global-brands/index.html]
[www.ccin.com/about/index.html]
[www.ccin.com/wp-content/uploads/2011/03/10.jpg]
[www.ccin.com/news/index.html]
[www.ccin.com/wp-content/uploads/2018/06/acapulco.jpg]
[www.ccin.com/wp-content/uploads/2011/01/traveler.jpg]
